# JRE version: OpenJDK Runtime Environment Temurin-17.0.2+8 (17.0.2+8) (build 17.0.2+8)
# Java VM: OpenJDK 64-Bit Server VM Temurin-17.0.2+8 (17.0.2+8, mixed mode, tiered, compressed oops, compressed class ptrs, g1 gc, windows-amd64)
GC Precious Log:
 CPUs: 20 total, 20 available
 Memory: 32627M
 Large Page Support: Disabled
 NUMA Support: Disabled
 Compressed Oops: Enabled (Zero based)
 Heap Region Size: 4M
 Heap Min Capacity: 8M
 Heap Initial Capacity: 512M
 Heap Max Capacity: 8160M
 Pre-touch: Disabled
 Parallel Workers: 15
 Concurrent Workers: 4
 Concurrent Refinement Workers: 15
 Periodic GC: Disabled
Heap:
 garbage-first heap   total 1736704K, used 1237698K [0x0000000602000000, 0x0000000800000000)
  region size 4096K, 26 young (106496K), 9 survivors (36864K)
 Metaspace       used 7492K, committed 7680K, reserved 1056768K
  class space    used 654K, committed 768K, reserved 1048576K
GC Heap History (20 events):
Event: 0.324 GC heap before
{Heap before GC invocations=0 (full 0):
 garbage-first heap   total 524288K, used 151552K [0x0000000602000000, 0x0000000800000000)
  region size 4096K, 2 young (8192K), 0 survivors (0K)
 Metaspace       used 7474K, committed 7680K, reserved 1056768K
  class space    used 653K, committed 768K, reserved 1048576K
}
Event: 0.325 GC heap after
{Heap after GC invocations=1 (full 0):
 garbage-first heap   total 524288K, used 70835K [0x0000000602000000, 0x0000000800000000)
  region size 4096K, 1 young (4096K), 1 survivors (4096K)
 Metaspace       used 7474K, committed 7680K, reserved 1056768K
  class space    used 653K, committed 768K, reserved 1048576K
}
Event: 0.466 GC heap before
{Heap before GC invocations=1 (full 0):
 garbage-first heap   total 524288K, used 206003K [0x0000000602000000, 0x0000000800000000)
  region size 4096K, 2 young (8192K), 1 survivors (4096K)
 Metaspace       used 7474K, committed 7680K, reserved 1056768K
  class space    used 653K, committed 768K, reserved 1048576K
}
Event: 0.467 GC heap after
{Heap after GC invocations=2 (full 0):
 garbage-first heap   total 524288K, used 136246K [0x0000000602000000, 0x0000000800000000)
  region size 4096K, 1 young (4096K), 1 survivors (4096K)
 Metaspace       used 7474K, committed 7680K, reserved 1056768K
  class space    used 653K, committed 768K, reserved 1048576K
}
Event: 0.730 GC heap before
{Heap before GC invocations=2 (full 0):
 garbage-first heap   total 786432K, used 402486K [0x0000000602000000, 0x0000000800000000)
  region size 4096K, 2 young (8192K), 1 survivors (4096K)
 Metaspace       used 7476K, committed 7680K, reserved 1056768K
  class space    used 654K, committed 768K, reserved 1048576K
}
Event: 0.731 GC heap after
{Heap after GC invocations=3 (full 0):
 garbage-first heap   total 786432K, used 267282K [0x0000000602000000, 0x0000000800000000)
  region size 4096K, 1 young (4096K), 1 survivors (4096K)
 Metaspace       used 7476K, committed 7680K, reserved 1056768K
  class space    used 654K, committed 768K, reserved 1048576K
}
Event: 1.398 GC heap before
{Heap before GC invocations=3 (full 0):
 garbage-first heap   total 1314816K, used 795666K [0x0000000602000000, 0x0000000800000000)
  region size 4096K, 2 young (8192K), 1 survivors (4096K)
 Metaspace       used 7483K, committed 7680K, reserved 1056768K
  class space    used 654K, committed 768K, reserved 1048576K
}
Event: 1.399 GC heap after
{Heap after GC invocations=4 (full 0):
 garbage-first heap   total 1314816K, used 529469K [0x0000000602000000, 0x0000000800000000)
  region size 4096K, 1 young (4096K), 1 survivors (4096K)
 Metaspace       used 7483K, committed 7680K, reserved 1056768K
  class space    used 654K, committed 768K, reserved 1048576K
}
Event: 1.785 GC heap before
{Heap before GC invocations=4 (full 0):
 garbage-first heap   total 1314816K, used 1049661K [0x0000000602000000, 0x0000000800000000)
  region size 4096K, 75 young (307200K), 1 survivors (4096K)
 Metaspace       used 7492K, committed 7680K, reserved 1056768K
  class space    used 654K, committed 768K, reserved 1048576K
}
Event: 1.819 GC heap after
{Heap after GC invocations=5 (full 0):
 garbage-first heap   total 1314816K, used 875557K [0x0000000602000000, 0x0000000800000000)
  region size 4096K, 10 young (40960K), 10 survivors (40960K)
 Metaspace       used 7492K, committed 7680K, reserved 1056768K
  class space    used 654K, committed 768K, reserved 1048576K
}
Event: 1.879 GC heap before
{Heap before GC invocations=5 (full 0):
 garbage-first heap   total 1314816K, used 941093K [0x0000000602000000, 0x0000000800000000)
  region size 4096K, 26 young (106496K), 10 survivors (40960K)
 Metaspace       used 7492K, committed 7680K, reserved 1056768K
  class space    used 654K, committed 768K, reserved 1048576K
}
Event: 1.895 GC heap after
{Heap after GC invocations=6 (full 0):
 garbage-first heap   total 1314816K, used 909312K [0x0000000602000000, 0x0000000800000000)
  region size 4096K, 4 young (16384K), 4 survivors (16384K)
 Metaspace       used 7492K, committed 7680K, reserved 1056768K
  class space    used 654K, committed 768K, reserved 1048576K
}
Event: 1.964 GC heap before
{Heap before GC invocations=7 (full 0):
 garbage-first heap   total 1564672K, used 974848K [0x0000000602000000, 0x0000000800000000)
  region size 4096K, 20 young (81920K), 4 survivors (16384K)
 Metaspace       used 7492K, committed 7680K, reserved 1056768K
  class space    used 654K, committed 768K, reserved 1048576K
}
Event: 1.975 GC heap after
{Heap after GC invocations=8 (full 0):
 garbage-first heap   total 1564672K, used 941678K [0x0000000602000000, 0x0000000800000000)
  region size 4096K, 3 young (12288K), 3 survivors (12288K)
 Metaspace       used 7492K, committed 7680K, reserved 1056768K
  class space    used 654K, committed 768K, reserved 1048576K
}
Event: 2.102 GC heap before
{Heap before GC invocations=8 (full 0):
 garbage-first heap   total 1564672K, used 1060462K [0x0000000602000000, 0x0000000800000000)
  region size 4096K, 32 young (131072K), 3 survivors (12288K)
 Metaspace       used 7492K, committed 7680K, reserved 1056768K
  class space    used 654K, committed 768K, reserved 1048576K
}
Event: 2.116 GC heap after
{Heap after GC invocations=9 (full 0):
 garbage-first heap   total 1564672K, used 994763K [0x0000000602000000, 0x0000000800000000)
  region size 4096K, 4 young (16384K), 4 survivors (16384K)
 Metaspace       used 7492K, committed 7680K, reserved 1056768K
  class space    used 654K, committed 768K, reserved 1048576K
}
Event: 2.277 GC heap before
{Heap before GC invocations=10 (full 0):
 garbage-first heap   total 1736704K, used 1146315K [0x0000000602000000, 0x0000000800000000)
  region size 4096K, 41 young (167936K), 4 survivors (16384K)
 Metaspace       used 7492K, committed 7680K, reserved 1056768K
  class space    used 654K, committed 768K, reserved 1048576K
}
Event: 2.295 GC heap after
{Heap after GC invocations=11 (full 0):
 garbage-first heap   total 1736704K, used 1062608K [0x0000000602000000, 0x0000000800000000)
  region size 4096K, 6 young (24576K), 6 survivors (24576K)
 Metaspace       used 7492K, committed 7680K, reserved 1056768K
  class space    used 654K, committed 768K, reserved 1048576K
}
Event: 2.533 GC heap before
{Heap before GC invocations=11 (full 0):
 garbage-first heap   total 1736704K, used 1312464K [0x0000000602000000, 0x0000000800000000)
  region size 4096K, 67 young (274432K), 6 survivors (24576K)
 Metaspace       used 7492K, committed 7680K, reserved 1056768K
  class space    used 654K, committed 768K, reserved 1048576K
}
Event: 2.563 GC heap after
{Heap after GC invocations=12 (full 0):
 garbage-first heap   total 1736704K, used 1172162K [0x0000000602000000, 0x0000000800000000)
  region size 4096K, 9 young (36864K), 9 survivors (36864K)
 Metaspace       used 7492K, committed 7680K, reserved 1056768K
  class space    used 654K, committed 768K, reserved 1048576K
}

